  Reading Qt configuration (C:\Qt\Qt5.14.2\5.14.2\msvc2017_64\bin\qmake.exe)
  Generate moc_predefs.h
qtmain.lib(qtmain_win.obj) : warning LNK4099: 未找到 PDB“qtmain.pdb”(使用“qtmain.lib(qtmain_win.obj)”或在“C:\Users\panda2134\Documents\ParkourGame\bin\release\qtmain.pdb”中寻找)；正在链接对象，如同没有调试信息一样
  MineParkour.vcxproj -> C:\Users\panda2134\Documents\ParkourGame\.\bin\release\MineParkour.exe
c:\qt\qt5.14.2\5.14.2\msvc2017_64\include\qtcore\qglobal.h(658): warning C26451: Arithmetic overflow: Using operator '+' on a 4 byte value and then casting the result to a 8 byte value. Cast the value to the wider type before calling operator '+' to avoid overflow (io.2).
c:\qt\qt5.14.2\5.14.2\msvc2017_64\include\qtcore\qglobal.h(658): warning C26451: Arithmetic overflow: Using operator '+' on a 4 byte value and then casting the result to a 8 byte value. Cast the value to the wider type before calling operator '+' to avoid overflow (io.2).
c:\qt\qt5.14.2\5.14.2\msvc2017_64\include\qtcore\qglobal.h(658): warning C26451: Arithmetic overflow: Using operator '-' on a 4 byte value and then casting the result to a 8 byte value. Cast the value to the wider type before calling operator '-' to avoid overflow (io.2).
c:\qt\qt5.14.2\5.14.2\msvc2017_64\include\qtcore\qglobal.h(658): warning C26451: Arithmetic overflow: Using operator '-' on a 4 byte value and then casting the result to a 8 byte value. Cast the value to the wider type before calling operator '-' to avoid overflow (io.2).
c:\qt\qt5.14.2\5.14.2\msvc2017_64\include\qtcore\qmetatype.h(1142): warning C26495: Variable 'QtMetaTypePrivate::QSequentialIterableImpl::<anonymous-tag>::_moveTo' is uninitialized. Always initialize a member variable (type.6).
c:\qt\qt5.14.2\5.14.2\msvc2017_64\include\qtgui\qcolor.h(265): warning C26495: Variable 'QColor::CT::argb' is uninitialized. Always initialize a member variable (type.6).
c:\qt\qt5.14.2\5.14.2\msvc2017_64\include\qtgui\qcolor.h(321): warning C26495: Variable 'QColor::cspec' is uninitialized. Always initialize a member variable (type.6).
c:\qt\qt5.14.2\5.14.2\msvc2017_64\include\qtgui\qcolor.h(324): warning C26495: Variable 'QColor::cspec' is uninitialized. Always initialize a member variable (type.6).
c:\qt\qt5.14.2\5.14.2\msvc2017_64\include\qtgui\qcolor.h(328): warning C26495: Variable 'QColor::cspec' is uninitialized. Always initialize a member variable (type.6).
c:\qt\qt5.14.2\5.14.2\msvc2017_64\include\qtgui\qmatrix.h(60): warning C26495: Variable 'QMatrix::_dx' is uninitialized. Always initialize a member variable (type.6).
c:\qt\qt5.14.2\5.14.2\msvc2017_64\include\qtgui\qmatrix.h(70): warning C26495: Variable 'QMatrix::_dx' is uninitialized. Always initialize a member variable (type.6).
c:\qt\qt5.14.2\5.14.2\msvc2017_64\include\qtgui\qvector2d.h(60): warning C26495: Variable 'QVector2D::v' is uninitialized. Always initialize a member variable (type.6).
c:\qt\qt5.14.2\5.14.2\msvc2017_64\include\qtcore\qsharedpointer_impl.h(145): warning C26495: Variable 'QtSharedPointer::ExternalRefCountData::strongref' is uninitialized. Always initialize a member variable (type.6).
c:\qt\qt5.14.2\5.14.2\msvc2017_64\include\qtcore\qlist.h(169): warning C26495: Variable 'QList<QString>::<anonymous-tag>::p' is uninitialized. Always initialize a member variable (type.6).
c:\users\panda2134\documents\parkourgame\model\world.h(36): warning C26495: Variable 'parkour::World::ChunkStorage<QString>::data' is uninitialized. Always initialize a member variable (type.6).
c:\qt\qt5.14.2\5.14.2\msvc2017_64\include\qtcore\qvariant.h(740): warning C26498: The function 'qMetaTypeId<QPair<QVariant,QVariant> >' is constexpr, mark variable 'vid' constexpr if compile-time evaluation is desired (con.5).
c:\qt\qt5.14.2\5.14.2\msvc2017_64\include\qtcore\qstringview.h(209): warning C26495: Variable 'QStringView::m_data' is uninitialized. Always initialize a member variable (type.6).
c:\qt\qt5.14.2\5.14.2\msvc2017_64\include\qtcore\qmetatype.h(1124): warning C26495: Variable 'QtMetaTypePrivate::QSequentialIterableImpl::<anonymous-tag>::_moveToEnd' is uninitialized. Always initialize a member variable (type.6).
c:\qt\qt5.14.2\5.14.2\msvc2017_64\include\qtcore\qlist.h(862): warning C26495: Variable 'QList<QString>::<anonymous-tag>::p' is uninitialized. Always initialize a member variable (type.6).
c:\qt\qt5.14.2\5.14.2\msvc2017_64\include\qtcore\qmetatype.h(2379): warning C26498: The function 'qMetaTypeId<QtMetaTypePrivate::QPairVariantInterfaceImpl>' is constexpr, mark variable 'toId' constexpr if compile-time evaluation is desired (con.5).
c:\users\panda2134\documents\parkourgame\utils\worldioworker.cpp(27): warning C26444: Avoid unnamed objects with custom construction and destruction (es.84).
c:\users\panda2134\documents\parkourgame\utils\worldioworker.cpp(28): warning C26444: Avoid unnamed objects with custom construction and destruction (es.84).
c:\users\panda2134\documents\parkourgame\utils\worldioworker.h(32): warning C26495: Variable 'parkour::WorldIOWorker::progressVal' is uninitialized. Always initialize a member variable (type.6).
c:\qt\qt5.14.2\5.14.2\msvc2017_64\include\qtcore\qsharedpointer_impl.h(448): warning C26495: Variable 'QSharedPointer<parkour::EntityMovingBrick>::d' is uninitialized. Always initialize a member variable (type.6).
c:\qt\qt5.14.2\5.14.2\msvc2017_64\include\qtgui\qpalette.h(70): warning C26495: Variable 'QPalette::<anonymous-tag>::for_faster_swapping_dont_use' is uninitialized. Always initialize a member variable (type.6).
c:\qt\qt5.14.2\5.14.2\msvc2017_64\include\qtwidgets\qstyleoption.h(145): warning C26495: Variable 'QStyleOptionFrame::lineWidth' is uninitialized. Always initialize a member variable (type.6).
c:\qt\qt5.14.2\5.14.2\msvc2017_64\include\qtwidgets\qstyleoption.h(174): warning C26495: Variable 'QStyleOptionTabWidgetFrame::midLineWidth' is uninitialized. Always initialize a member variable (type.6).
c:\qt\qt5.14.2\5.14.2\msvc2017_64\include\qtwidgets\qstyleoption.h(199): warning C26495: Variable 'QStyleOptionTabBarBase::documentMode' is uninitialized. Always initialize a member variable (type.6).
c:\qt\qt5.14.2\5.14.2\msvc2017_64\include\qtwidgets\qstyleoption.h(231): warning C26495: Variable 'QStyleOptionHeader::section' is uninitialized. Always initialize a member variable (type.6).
c:\qt\qt5.14.2\5.14.2\msvc2017_64\include\qtwidgets\qstyleoption.h(292): warning C26495: Variable 'QStyleOptionTab::row' is uninitialized. Always initialize a member variable (type.6).
c:\qt\qt5.14.2\5.14.2\msvc2017_64\include\qtwidgets\qstyleoption.h(323): warning C26495: Variable 'QStyleOptionToolBar::toolBarArea' is uninitialized. Always initialize a member variable (type.6).
c:\qt\qt5.14.2\5.14.2\msvc2017_64\include\qtwidgets\qstyleoption.h(351): warning C26495: Variable 'QStyleOptionProgressBar::textVisible' is uninitialized. Always initialize a member variable (type.6).
c:\qt\qt5.14.2\5.14.2\msvc2017_64\include\qtwidgets\qstyleoption.h(382): warning C26495: Variable 'QStyleOptionMenuItem::maxIconWidth' is uninitialized. Always initialize a member variable (type.6).
c:\qt\qt5.14.2\5.14.2\msvc2017_64\include\qtwidgets\qstyleoption.h(402): warning C26495: Variable 'QStyleOptionDockWidget::movable' is uninitialized. Always initialize a member variable (type.6).
c:\qt\qt5.14.2\5.14.2\msvc2017_64\include\qtwidgets\qstyleoption.h(454): warning C26495: Variable 'QStyleOptionViewItem::decorationPosition' is uninitialized. Always initialize a member variable (type.6).
c:\qt\qt5.14.2\5.14.2\msvc2017_64\include\qtwidgets\qstyleoption.h(485): warning C26495: Variable 'QStyleOptionToolBox::position' is uninitialized. Always initialize a member variable (type.6).
c:\qt\qt5.14.2\5.14.2\msvc2017_64\include\qtwidgets\qstyleoption.h(505): warning C26495: Variable 'QStyleOptionRubberBand::opaque' is uninitialized. Always initialize a member variable (type.6).
c:\qt\qt5.14.2\5.14.2\msvc2017_64\include\qtwidgets\qstyleoption.h(549): warning C26495: Variable 'QStyleOptionSlider::pageStep' is uninitialized. Always initialize a member variable (type.6).
c:\qt\qt5.14.2\5.14.2\msvc2017_64\include\qtwidgets\qstyleoption.h(569): warning C26495: Variable 'QStyleOptionSpinBox::frame' is uninitialized. Always initialize a member variable (type.6).
c:\qt\qt5.14.2\5.14.2\msvc2017_64\include\qtwidgets\qstyleoption.h(597): warning C26495: Variable 'QStyleOptionToolButton::arrowType' is uninitialized. Always initialize a member variable (type.6).
c:\qt\qt5.14.2\5.14.2\msvc2017_64\include\qtwidgets\qstyleoption.h(620): warning C26495: Variable 'QStyleOptionComboBox::editable' is uninitialized. Always initialize a member variable (type.6).
c:\qt\qt5.14.2\5.14.2\msvc2017_64\include\qtwidgets\qstyleoption.h(639): warning C26495: Variable 'QStyleOptionTitleBar::titleBarState' is uninitialized. Always initialize a member variable (type.6).
c:\qt\qt5.14.2\5.14.2\msvc2017_64\include\qtwidgets\qstyleoption.h(660): warning C26495: Variable 'QStyleOptionGroupBox::midLineWidth' is uninitialized. Always initialize a member variable (type.6).
c:\qt\qt5.14.2\5.14.2\msvc2017_64\include\qtwidgets\qstyleoption.h(675): warning C26495: Variable 'QStyleOptionSizeGrip::corner' is uninitialized. Always initialize a member variable (type.6).
c:\qt\qt5.14.2\5.14.2\msvc2017_64\include\qtwidgets\qstyleoption.h(692): warning C26495: Variable 'QStyleOptionGraphicsItem::levelOfDetail' is uninitialized. Always initialize a member variable (type.6).
c:\users\panda2134\documents\parkourgame\view\saveselection.cpp(21): warning C26444: Avoid unnamed objects with custom construction and destruction (es.84).
c:\users\panda2134\documents\parkourgame\view\saveselection.cpp(18): warning C26444: Avoid unnamed objects with custom construction and destruction (es.84).
c:\users\panda2134\documents\parkourgame\view\saveselection.cpp(16): warning C26444: Avoid unnamed objects with custom construction and destruction (es.84).
c:\users\panda2134\documents\parkourgame\view\saveselection.cpp(17): warning C26444: Avoid unnamed objects with custom construction and destruction (es.84).
c:\qt\qt5.14.2\5.14.2\msvc2017_64\include\qtcore\qmetatype.h(2396): warning C26498: The function 'qMetaTypeId<QtMetaTypePrivate::QSequentialIterableImpl>' is constexpr, mark variable 'toId' constexpr if compile-time evaluation is desired (con.5).
c:\users\panda2134\documents\parkourgame\view\scene\gui\guipause.cpp(10): warning C26495: Variable 'parkour::GUIPause::mouseX' is uninitialized. Always initialize a member variable (type.6).
c:\users\panda2134\documents\parkourgame\view\scene\gui\inventorygui.cpp(14): warning C26495: Variable 'parkour::InventoryGUI::deviceWidth' is uninitialized. Always initialize a member variable (type.6).
c:\users\panda2134\documents\parkourgame\model\entityslime.cpp(31): warning C26451: Arithmetic overflow: Using operator '-' on a 4 byte value and then casting the result to a 8 byte value. Cast the value to the wider type before calling operator '-' to avoid overflow (io.2).
c:\users\panda2134\documents\parkourgame\model\entityblaze.cpp(32): warning C26451: Arithmetic overflow: Using operator '*' on a 4 byte value and then casting the result to a 8 byte value. Cast the value to the wider type before calling operator '*' to avoid overflow (io.2).
c:\users\panda2134\documents\parkourgame\model\entityplayerlike.cpp(62): warning C26451: Arithmetic overflow: Using operator '-' on a 4 byte value and then casting the result to a 8 byte value. Cast the value to the wider type before calling operator '-' to avoid overflow (io.2).
c:\qt\qt5.14.2\5.14.2\msvc2017_64\include\qtgui\qvector3d.h(61): warning C26495: Variable 'QVector3D::v' is uninitialized. Always initialize a member variable (type.6).
c:\qt\qt5.14.2\5.14.2\msvc2017_64\include\qtgui\qvector4d.h(60): warning C26495: Variable 'QVector4D::v' is uninitialized. Always initialize a member variable (type.6).
c:\qt\qt5.14.2\5.14.2\msvc2017_64\include\qtgui\qquaternion.h(60): warning C26495: Variable 'QQuaternion::wp' is uninitialized. Always initialize a member variable (type.6).
c:\qt\qt5.14.2\5.14.2\msvc2017_64\include\qtgui\qmatrix4x4.h(62): warning C26495: Variable 'QMatrix4x4::m' is uninitialized. Always initialize a member variable (type.6).
c:\qt\qt5.14.2\5.14.2\msvc2017_64\include\qtgui\qmatrix4x4.h(63): warning C26495: Variable 'QMatrix4x4::m' is uninitialized. Always initialize a member variable (type.6).
c:\qt\qt5.14.2\5.14.2\msvc2017_64\include\qtgui\qmatrix4x4.h(206): warning C26495: Variable 'QMatrix4x4::m' is uninitialized. Always initialize a member variable (type.6).
c:\qt\qt5.14.2\5.14.2\msvc2017_64\include\qtgui\qopenglversionfunctions.h(248): warning C26495: Variable 'QOpenGLFunctions_1_0_CoreBackend::<anonymous-tag>::functions' is uninitialized. Always initialize a member variable (type.6).
c:\qt\qt5.14.2\5.14.2\msvc2017_64\include\qtgui\qopenglversionfunctions.h(314): warning C26495: Variable 'QOpenGLFunctions_1_1_CoreBackend::<anonymous-tag>::functions' is uninitialized. Always initialize a member variable (type.6).
c:\qt\qt5.14.2\5.14.2\msvc2017_64\include\qtgui\qopenglversionfunctions.h(348): warning C26495: Variable 'QOpenGLFunctions_1_2_CoreBackend::<anonymous-tag>::functions' is uninitialized. Always initialize a member variable (type.6).
c:\qt\qt5.14.2\5.14.2\msvc2017_64\include\qtgui\qopenglversionfunctions.h(372): warning C26495: Variable 'QOpenGLFunctions_1_3_CoreBackend::<anonymous-tag>::functions' is uninitialized. Always initialize a member variable (type.6).
c:\qt\qt5.14.2\5.14.2\msvc2017_64\include\qtgui\qopenglversionfunctions.h(399): warning C26495: Variable 'QOpenGLFunctions_1_4_CoreBackend::<anonymous-tag>::functions' is uninitialized. Always initialize a member variable (type.6).
c:\qt\qt5.14.2\5.14.2\msvc2017_64\include\qtgui\qopenglversionfunctions.h(424): warning C26495: Variable 'QOpenGLFunctions_1_5_CoreBackend::<anonymous-tag>::f' is uninitialized. Always initialize a member variable (type.6).
c:\qt\qt5.14.2\5.14.2\msvc2017_64\include\qtgui\qopenglversionfunctions.h(461): warning C26495: Variable 'QOpenGLFunctions_2_0_CoreBackend::<anonymous-tag>::functions' is uninitialized. Always initialize a member variable (type.6).
c:\qt\qt5.14.2\5.14.2\msvc2017_64\include\qtgui\qopenglversionfunctions.h(572): warning C26495: Variable 'QOpenGLFunctions_2_1_CoreBackend::<anonymous-tag>::functions' is uninitialized. Always initialize a member variable (type.6).
c:\qt\qt5.14.2\5.14.2\msvc2017_64\include\qtgui\qopenglversionfunctions.h(596): warning C26495: Variable 'QOpenGLFunctions_3_0_CoreBackend::<anonymous-tag>::functions' is uninitialized. Always initialize a member variable (type.6).
c:\qt\qt5.14.2\5.14.2\msvc2017_64\include\qtgui\qopenglversionfunctions.h(698): warning C26495: Variable 'QOpenGLFunctions_3_1_CoreBackend::<anonymous-tag>::functions' is uninitialized. Always initialize a member variable (type.6).
c:\qt\qt5.14.2\5.14.2\msvc2017_64\include\qtgui\qopenglversionfunctions.h(728): warning C26495: Variable 'QOpenGLFunctions_3_2_CoreBackend::<anonymous-tag>::functions' is uninitialized. Always initialize a member variable (type.6).
c:\qt\qt5.14.2\5.14.2\msvc2017_64\include\qtgui\qopenglversionfunctions.h(765): warning C26495: Variable 'QOpenGLFunctions_3_3_CoreBackend::<anonymous-tag>::functions' is uninitialized. Always initialize a member variable (type.6).
c:\qt\qt5.14.2\5.14.2\msvc2017_64\include\qtgui\qopenglversionfunctions.h(841): warning C26495: Variable 'QOpenGLFunctions_4_0_CoreBackend::<anonymous-tag>::functions' is uninitialized. Always initialize a member variable (type.6).
c:\qt\qt5.14.2\5.14.2\msvc2017_64\include\qtgui\qopenglversionfunctions.h(905): warning C26495: Variable 'QOpenGLFunctions_4_1_CoreBackend::<anonymous-tag>::functions' is uninitialized. Always initialize a member variable (type.6).
c:\qt\qt5.14.2\5.14.2\msvc2017_64\include\qtgui\qopenglversionfunctions.h(1011): warning C26495: Variable 'QOpenGLFunctions_4_2_CoreBackend::<anonymous-tag>::functions' is uninitialized. Always initialize a member variable (type.6).
c:\qt\qt5.14.2\5.14.2\msvc2017_64\include\qtgui\qopenglversionfunctions.h(1041): warning C26495: Variable 'QOpenGLFunctions_4_3_CoreBackend::<anonymous-tag>::functions' is uninitialized. Always initialize a member variable (type.6).
c:\qt\qt5.14.2\5.14.2\msvc2017_64\include\qtgui\qopenglversionfunctions.h(1102): warning C26495: Variable 'QOpenGLFunctions_4_4_CoreBackend::<anonymous-tag>::functions' is uninitialized. Always initialize a member variable (type.6).
c:\qt\qt5.14.2\5.14.2\msvc2017_64\include\qtgui\qopenglversionfunctions.h(1129): warning C26495: Variable 'QOpenGLFunctions_4_5_CoreBackend::<anonymous-tag>::functions' is uninitialized. Always initialize a member variable (type.6).
c:\qt\qt5.14.2\5.14.2\msvc2017_64\include\qtgui\qopenglversionfunctions.h(1253): warning C26495: Variable 'QOpenGLFunctions_1_0_DeprecatedBackend::<anonymous-tag>::functions' is uninitialized. Always initialize a member variable (type.6).
c:\qt\qt5.14.2\5.14.2\msvc2017_64\include\qtgui\qopenglversionfunctions.h(1529): warning C26495: Variable 'QOpenGLFunctions_1_1_DeprecatedBackend::<anonymous-tag>::functions' is uninitialized. Always initialize a member variable (type.6).
c:\qt\qt5.14.2\5.14.2\msvc2017_64\include\qtgui\qopenglversionfunctions.h(1564): warning C26495: Variable 'QOpenGLFunctions_1_2_DeprecatedBackend::<anonymous-tag>::functions' is uninitialized. Always initialize a member variable (type.6).
c:\qt\qt5.14.2\5.14.2\msvc2017_64\include\qtgui\qopenglversionfunctions.h(1614): warning C26495: Variable 'QOpenGLFunctions_1_3_DeprecatedBackend::<anonymous-tag>::functions' is uninitialized. Always initialize a member variable (type.6).
c:\qt\qt5.14.2\5.14.2\msvc2017_64\include\qtgui\qopenglversionfunctions.h(1669): warning C26495: Variable 'QOpenGLFunctions_1_4_DeprecatedBackend::<anonymous-tag>::functions' is uninitialized. Always initialize a member variable (type.6).
c:\qt\qt5.14.2\5.14.2\msvc2017_64\include\qtgui\qopenglversionfunctions.h(1725): warning C26495: Variable 'QOpenGLFunctions_2_0_DeprecatedBackend::<anonymous-tag>::functions' is uninitialized. Always initialize a member variable (type.6).
c:\qt\qt5.14.2\5.14.2\msvc2017_64\include\qtgui\qopenglversionfunctions.h(1779): warning C26495: Variable 'QOpenGLFunctions_3_0_DeprecatedBackend::<anonymous-tag>::functions' is uninitialized. Always initialize a member variable (type.6).
c:\qt\qt5.14.2\5.14.2\msvc2017_64\include\qtgui\qopenglversionfunctions.h(1817): warning C26495: Variable 'QOpenGLFunctions_3_3_DeprecatedBackend::<anonymous-tag>::functions' is uninitialized. Always initialize a member variable (type.6).
c:\qt\qt5.14.2\5.14.2\msvc2017_64\include\qtgui\qopenglversionfunctions.h(1865): warning C26495: Variable 'QOpenGLFunctions_4_5_DeprecatedBackend::<anonymous-tag>::f' is uninitialized. Always initialize a member variable (type.6).
c:\users\panda2134\documents\parkourgame\view\gamerenderglwidget.cpp(21): warning C26444: Avoid unnamed objects with custom construction and destruction (es.84).
c:\users\panda2134\documents\parkourgame\view\gamerenderglwidget.cpp(30): warning C26444: Avoid unnamed objects with custom construction and destruction (es.84).
c:\users\panda2134\documents\parkourgame\view\gamerenderglwidget.cpp(29): warning C26444: Avoid unnamed objects with custom construction and destruction (es.84).
c:\users\panda2134\documents\parkourgame\view\gamerenderglwidget.cpp(28): warning C26444: Avoid unnamed objects with custom construction and destruction (es.84).
c:\qt\qt5.14.2\5.14.2\msvc2017_64\include\qtgui\qgenericmatrix.h(120): warning C26495: Variable 'QGenericMatrix<2,2,float>::m' is uninitialized. Always initialize a member variable (type.6).
c:\users\panda2134\documents\parkourgame\view\scene\gamescene.cpp(186): warning C26451: Arithmetic overflow: Using operator '*' on a 4 byte value and then casting the result to a 8 byte value. Cast the value to the wider type before calling operator '*' to avoid overflow (io.2).
c:\users\panda2134\documents\parkourgame\view\scene\gamescene.cpp(186): warning C26451: Arithmetic overflow: Using operator '*' on a 4 byte value and then casting the result to a 8 byte value. Cast the value to the wider type before calling operator '*' to avoid overflow (io.2).
c:\users\panda2134\documents\parkourgame\view\scene\gamescene.cpp(283): warning C26451: Arithmetic overflow: Using operator '*' on a 4 byte value and then casting the result to a 8 byte value. Cast the value to the wider type before calling operator '*' to avoid overflow (io.2).
c:\users\panda2134\documents\parkourgame\view\scene\gamescene.cpp(294): warning C26451: Arithmetic overflow: Using operator '*' on a 4 byte value and then casting the result to a 8 byte value. Cast the value to the wider type before calling operator '*' to avoid overflow (io.2).
c:\users\panda2134\documents\parkourgame\view\scene\gamescene.cpp(416): warning C26451: Arithmetic overflow: Using operator '-' on a 4 byte value and then casting the result to a 8 byte value. Cast the value to the wider type before calling operator '-' to avoid overflow (io.2).
c:\users\panda2134\documents\parkourgame\view\scene\gamescene.cpp(418): warning C26451: Arithmetic overflow: Using operator '-' on a 4 byte value and then casting the result to a 8 byte value. Cast the value to the wider type before calling operator '-' to avoid overflow (io.2).
c:\users\panda2134\documents\parkourgame\view\scene\gamescene.cpp(508): warning C26444: Avoid unnamed objects with custom construction and destruction (es.84).
c:\users\panda2134\documents\parkourgame\view\scene\gamescene.cpp(450): warning C26444: Avoid unnamed objects with custom construction and destruction (es.84).
c:\users\panda2134\documents\parkourgame\view\scene\gamescene.cpp(637): warning C26495: Variable 'parkour::GameScene::CameraInfo::farMove' is uninitialized. Always initialize a member variable (type.6).
c:\users\panda2134\documents\parkourgame\view\scene\gamescene.cpp(654): warning C26451: Arithmetic overflow: Using operator '-' on a 4 byte value and then casting the result to a 8 byte value. Cast the value to the wider type before calling operator '-' to avoid overflow (io.2).
c:\users\panda2134\documents\parkourgame\view\scene\gamescene.cpp(650): warning C26451: Arithmetic overflow: Using operator '-' on a 4 byte value and then casting the result to a 8 byte value. Cast the value to the wider type before calling operator '-' to avoid overflow (io.2).
c:\users\panda2134\documents\parkourgame\view\scene\gamescene.cpp(675): warning C26444: Avoid unnamed objects with custom construction and destruction (es.84).
c:\users\panda2134\documents\parkourgame\view\scene\gamescene.cpp(676): warning C26444: Avoid unnamed objects with custom construction and destruction (es.84).
c:\qt\qt5.14.2\5.14.2\msvc2017_64\include\qtcore\qvector.h(716): warning C6011: 取消对 NULL 指针“x”的引用。
c:\users\panda2134\documents\parkourgame\view\mainwindow.cpp(17): warning C26444: Avoid unnamed objects with custom construction and destruction (es.84).
c:\users\panda2134\documents\parkourgame\view\mainwindow.cpp(18): warning C26444: Avoid unnamed objects with custom construction and destruction (es.84).
c:\users\panda2134\documents\parkourgame\view\mainwindow.cpp(20): warning C26444: Avoid unnamed objects with custom construction and destruction (es.84).
c:\users\panda2134\documents\parkourgame\view\mainwindow.cpp(21): warning C26444: Avoid unnamed objects with custom construction and destruction (es.84).
c:\users\panda2134\documents\parkourgame\view\mainwindow.cpp(10): warning C26495: Variable 'MainWindow::mode' is uninitialized. Always initialize a member variable (type.6).
c:\users\panda2134\documents\parkourgame\view\mainwindow.cpp(47): warning C26444: Avoid unnamed objects with custom construction and destruction (es.84).
c:\users\panda2134\documents\parkourgame\model\registry.cpp(47): warning C26451: Arithmetic overflow: Using operator '-' on a 4 byte value and then casting the result to a 8 byte value. Cast the value to the wider type before calling operator '-' to avoid overflow (io.2).
c:\qt\qt5.14.2\5.14.2\msvc2017_64\include\qtcore\qsharedpointer_impl.h(314): warning C26495: Variable 'QSharedPointer<parkour::Entity>::d' is uninitialized. Always initialize a member variable (type.6).
