c:\users\panda2134\documents\bin\release\.obj\saveselection.nativecodeanalysis.xml
c:\users\panda2134\documents\bin\release\.obj\saveselection.obj
c:\users\panda2134\documents\bin\release\.obj\blockgrass.nativecodeanalysis.xml
c:\users\panda2134\documents\bin\release\.obj\blockgrass.obj
c:\users\panda2134\documents\bin\release\.obj\entityplayer.nativecodeanalysis.xml
c:\users\panda2134\documents\bin\release\.obj\entityplayer.obj
c:\users\panda2134\documents\bin\release\.obj\entitymovingbrick.nativecodeanalysis.xml
c:\users\panda2134\documents\bin\release\.obj\entitymovingbrick.obj
c:\users\panda2134\documents\bin\release\.obj\savemanager.nativecodeanalysis.xml
c:\users\panda2134\documents\bin\release\.obj\savemanager.obj
c:\users\panda2134\documents\bin\release\.obj\entitycreeper.nativecodeanalysis.xml
c:\users\panda2134\documents\bin\release\.obj\entitycreeper.obj
c:\users\panda2134\documents\bin\release\.obj\itemblock.nativecodeanalysis.xml
c:\users\panda2134\documents\bin\release\.obj\itemblock.obj
c:\users\panda2134\documents\bin\release\.obj\mainwindow.nativecodeanalysis.xml
c:\users\panda2134\documents\bin\release\.obj\mainwindow.obj
c:\users\panda2134\documents\bin\release\.obj\saveitem.nativecodeanalysis.xml
c:\users\panda2134\documents\bin\release\.obj\saveitem.obj
c:\users\panda2134\documents\bin\release\.obj\entityslime.nativecodeanalysis.xml
c:\users\panda2134\documents\bin\release\.obj\entityslime.obj
c:\users\panda2134\documents\bin\release\.obj\boundingbox.nativecodeanalysis.xml
c:\users\panda2134\documents\bin\release\.obj\boundingbox.obj
c:\users\panda2134\documents\bin\release\.obj\entitytnt.nativecodeanalysis.xml
c:\users\panda2134\documents\bin\release\.obj\entitytnt.obj
c:\users\panda2134\documents\bin\release\.obj\world.nativecodeanalysis.xml
c:\users\panda2134\documents\bin\release\.obj\world.obj
c:\users\panda2134\documents\bin\release\.obj\itemmovingbrick.nativecodeanalysis.xml
c:\users\panda2134\documents\bin\release\.obj\itemmovingbrick.obj
c:\users\panda2134\documents\bin\release\.obj\blockflower.nativecodeanalysis.xml
c:\users\panda2134\documents\bin\release\.obj\blockflower.obj
c:\users\panda2134\documents\bin\release\.obj\entityblaze.nativecodeanalysis.xml
c:\users\panda2134\documents\bin\release\.obj\entityblaze.obj
c:\users\panda2134\documents\bin\release\.obj\geometryhelper.nativecodeanalysis.xml
c:\users\panda2134\documents\bin\release\.obj\geometryhelper.obj
c:\users\panda2134\documents\bin\release\.obj\styledpushbutton.nativecodeanalysis.xml
c:\users\panda2134\documents\bin\release\.obj\styledpushbutton.obj
c:\users\panda2134\documents\bin\release\.obj\guieventfilter.nativecodeanalysis.xml
c:\users\panda2134\documents\bin\release\.obj\guieventfilter.obj
c:\users\panda2134\documents\bin\release\.obj\entityxporb.nativecodeanalysis.xml
c:\users\panda2134\documents\bin\release\.obj\entityxporb.obj
c:\users\panda2134\documents\bin\release\.obj\blocktnt.nativecodeanalysis.xml
c:\users\panda2134\documents\bin\release\.obj\blocktnt.obj
c:\users\panda2134\documents\bin\release\.obj\guibase.nativecodeanalysis.xml
c:\users\panda2134\documents\bin\release\.obj\guibase.obj
c:\users\panda2134\documents\bin\release\.obj\experiencehelper.nativecodeanalysis.xml
c:\users\panda2134\documents\bin\release\.obj\experiencehelper.obj
c:\users\panda2134\documents\bin\release\.obj\item.nativecodeanalysis.xml
c:\users\panda2134\documents\bin\release\.obj\item.obj
c:\users\panda2134\documents\bin\release\.obj\blocksaw.nativecodeanalysis.xml
c:\users\panda2134\documents\bin\release\.obj\blocksaw.obj
c:\users\panda2134\documents\bin\release\.obj\entityplayerlike.nativecodeanalysis.xml
c:\users\panda2134\documents\bin\release\.obj\entityplayerlike.obj
c:\users\panda2134\documents\bin\release\.obj\worldcontroller.nativecodeanalysis.xml
c:\users\panda2134\documents\bin\release\.obj\worldcontroller.obj
c:\users\panda2134\documents\bin\release\.obj\itemspawnpointsetter.nativecodeanalysis.xml
c:\users\panda2134\documents\bin\release\.obj\itemspawnpointsetter.obj
c:\users\panda2134\documents\bin\release\.obj\blockmushroom.nativecodeanalysis.xml
c:\users\panda2134\documents\bin\release\.obj\blockmushroom.obj
c:\users\panda2134\documents\bin\release\.obj\entityfireball.nativecodeanalysis.xml
c:\users\panda2134\documents\bin\release\.obj\entityfireball.obj
c:\users\panda2134\documents\bin\release\.obj\main.nativecodeanalysis.xml
c:\users\panda2134\documents\bin\release\.obj\main.obj
c:\users\panda2134\documents\bin\release\.obj\worldioworker.nativecodeanalysis.xml
c:\users\panda2134\documents\bin\release\.obj\worldioworker.obj
c:\users\panda2134\documents\bin\release\.obj\blockdirt.nativecodeanalysis.xml
c:\users\panda2134\documents\bin\release\.obj\blockdirt.obj
c:\users\panda2134\documents\bin\release\.obj\direction.nativecodeanalysis.xml
c:\users\panda2134\documents\bin\release\.obj\direction.obj
c:\users\panda2134\documents\bin\release\.obj\entity.nativecodeanalysis.xml
c:\users\panda2134\documents\bin\release\.obj\entity.obj
c:\users\panda2134\documents\bin\release\.obj\playercontroller.nativecodeanalysis.xml
c:\users\panda2134\documents\bin\release\.obj\playercontroller.obj
c:\users\panda2134\documents\bin\release\.obj\guipause.nativecodeanalysis.xml
c:\users\panda2134\documents\bin\release\.obj\guipause.obj
c:\users\panda2134\documents\bin\release\.obj\blockdelegate.nativecodeanalysis.xml
c:\users\panda2134\documents\bin\release\.obj\blockdelegate.obj
c:\users\panda2134\documents\bin\release\.obj\itemspawnegg.nativecodeanalysis.xml
c:\users\panda2134\documents\bin\release\.obj\itemspawnegg.obj
c:\users\panda2134\documents\bin\release\.obj\registry.nativecodeanalysis.xml
c:\users\panda2134\documents\bin\release\.obj\registry.obj
c:\users\panda2134\documents\bin\release\.obj\entityobserver.nativecodeanalysis.xml
c:\users\panda2134\documents\bin\release\.obj\entityobserver.obj
c:\users\panda2134\documents\bin\release\.obj\block.nativecodeanalysis.xml
c:\users\panda2134\documents\bin\release\.obj\block.obj
c:\users\panda2134\documents\bin\release\.obj\blockspring.nativecodeanalysis.xml
c:\users\panda2134\documents\bin\release\.obj\blockspring.obj
c:\users\panda2134\documents\bin\release\.obj\glhelper.nativecodeanalysis.xml
c:\users\panda2134\documents\bin\release\.obj\glhelper.obj
c:\users\panda2134\documents\bin\release\.obj\icollidable.nativecodeanalysis.xml
c:\users\panda2134\documents\bin\release\.obj\icollidable.obj
c:\users\panda2134\documents\bin\release\.obj\itemteleporter.nativecodeanalysis.xml
c:\users\panda2134\documents\bin\release\.obj\itemteleporter.obj
c:\users\panda2134\documents\bin\release\.obj\blockoakplank.nativecodeanalysis.xml
c:\users\panda2134\documents\bin\release\.obj\blockoakplank.obj
c:\users\panda2134\documents\bin\release\.obj\blockspike.nativecodeanalysis.xml
c:\users\panda2134\documents\bin\release\.obj\blockspike.obj
c:\users\panda2134\documents\bin\release\.obj\gamescene.nativecodeanalysis.xml
c:\users\panda2134\documents\bin\release\.obj\gamescene.obj
c:\users\panda2134\documents\bin\release\.obj\inventorygui.nativecodeanalysis.xml
c:\users\panda2134\documents\bin\release\.obj\inventorygui.obj
c:\users\panda2134\documents\bin\release\.obj\blockbedrock.nativecodeanalysis.xml
c:\users\panda2134\documents\bin\release\.obj\blockbedrock.obj
c:\users\panda2134\documents\bin\release\.obj\blockstonebrick.nativecodeanalysis.xml
c:\users\panda2134\documents\bin\release\.obj\blockstonebrick.obj
c:\users\panda2134\documents\bin\release\.obj\gamerenderglwidget.nativecodeanalysis.xml
c:\users\panda2134\documents\bin\release\.obj\gamerenderglwidget.obj
c:\users\panda2134\documents\bin\release\.obj\moc_blockspring.nativecodeanalysis.xml
c:\users\panda2134\documents\bin\release\.obj\moc_blockspring.obj
c:\users\panda2134\documents\bin\release\.obj\moc_entityslime.nativecodeanalysis.xml
c:\users\panda2134\documents\bin\release\.obj\moc_entityslime.obj
c:\users\panda2134\documents\bin\release\.obj\moc_blockdelegate.nativecodeanalysis.xml
c:\users\panda2134\documents\bin\release\.obj\moc_blockdelegate.obj
c:\users\panda2134\documents\bin\release\.obj\moc_registry.nativecodeanalysis.xml
c:\users\panda2134\documents\bin\release\.obj\moc_registry.obj
c:\users\panda2134\documents\bin\release\.obj\moc_inventorygui.nativecodeanalysis.xml
c:\users\panda2134\documents\bin\release\.obj\moc_inventorygui.obj
c:\users\panda2134\documents\bin\release\.obj\moc_blocksaw.nativecodeanalysis.xml
c:\users\panda2134\documents\bin\release\.obj\moc_blocksaw.obj
c:\users\panda2134\documents\bin\release\.obj\moc_blockgrass.nativecodeanalysis.xml
c:\users\panda2134\documents\bin\release\.obj\moc_blockgrass.obj
c:\users\panda2134\documents\bin\release\.obj\moc_worldcontroller.nativecodeanalysis.xml
c:\users\panda2134\documents\bin\release\.obj\moc_worldcontroller.obj
c:\users\panda2134\documents\bin\release\.obj\moc_entityblaze.nativecodeanalysis.xml
c:\users\panda2134\documents\bin\release\.obj\moc_entityblaze.obj
c:\users\panda2134\documents\bin\release\.obj\moc_itemteleporter.nativecodeanalysis.xml
c:\users\panda2134\documents\bin\release\.obj\moc_itemteleporter.obj
c:\users\panda2134\documents\bin\release\.obj\moc_block.nativecodeanalysis.xml
c:\users\panda2134\documents\bin\release\.obj\moc_block.obj
c:\users\panda2134\documents\bin\release\.obj\moc_mainwindow.nativecodeanalysis.xml
c:\users\panda2134\documents\bin\release\.obj\moc_mainwindow.obj
c:\users\panda2134\documents\bin\release\.obj\moc_guipause.nativecodeanalysis.xml
c:\users\panda2134\documents\bin\release\.obj\moc_guipause.obj
c:\users\panda2134\documents\bin\release\.obj\moc_blockbedrock.nativecodeanalysis.xml
c:\users\panda2134\documents\bin\release\.obj\moc_blockbedrock.obj
c:\users\panda2134\documents\bin\release\.obj\moc_blocktnt.nativecodeanalysis.xml
c:\users\panda2134\documents\bin\release\.obj\moc_blocktnt.obj
c:\users\panda2134\documents\bin\release\.obj\moc_world.nativecodeanalysis.xml
c:\users\panda2134\documents\bin\release\.obj\moc_world.obj
c:\users\panda2134\documents\bin\release\.obj\moc_guieventfilter.nativecodeanalysis.xml
c:\users\panda2134\documents\bin\release\.obj\moc_guieventfilter.obj
c:\users\panda2134\documents\bin\release\.obj\moc_savemanager.nativecodeanalysis.xml
c:\users\panda2134\documents\bin\release\.obj\moc_savemanager.obj
c:\users\panda2134\documents\bin\release\.obj\moc_entityobserver.nativecodeanalysis.xml
c:\users\panda2134\documents\bin\release\.obj\moc_entityobserver.obj
c:\users\panda2134\documents\bin\release\.obj\moc_gamescene.nativecodeanalysis.xml
c:\users\panda2134\documents\bin\release\.obj\moc_gamescene.obj
c:\users\panda2134\documents\bin\release\.obj\moc_guibase.nativecodeanalysis.xml
c:\users\panda2134\documents\bin\release\.obj\moc_guibase.obj
c:\users\panda2134\documents\bin\release\.obj\moc_saveselection.nativecodeanalysis.xml
c:\users\panda2134\documents\bin\release\.obj\moc_saveselection.obj
c:\users\panda2134\documents\bin\release\.obj\moc_entitytnt.nativecodeanalysis.xml
c:\users\panda2134\documents\bin\release\.obj\moc_entitytnt.obj
c:\users\panda2134\documents\bin\release\.obj\moc_styledpushbutton.nativecodeanalysis.xml
c:\users\panda2134\documents\bin\release\.obj\moc_styledpushbutton.obj
c:\users\panda2134\documents\bin\release\.obj\moc_itemspawnegg.nativecodeanalysis.xml
c:\users\panda2134\documents\bin\release\.obj\moc_itemspawnegg.obj
c:\users\panda2134\documents\bin\release\.obj\moc_entityplayer.nativecodeanalysis.xml
c:\users\panda2134\documents\bin\release\.obj\moc_entityplayer.obj
c:\users\panda2134\documents\bin\release\.obj\moc_blockspike.nativecodeanalysis.xml
c:\users\panda2134\documents\bin\release\.obj\moc_blockspike.obj
c:\users\panda2134\documents\bin\release\.obj\moc_itemspawnpointsetter.nativecodeanalysis.xml
c:\users\panda2134\documents\bin\release\.obj\moc_itemspawnpointsetter.obj
c:\users\panda2134\documents\bin\release\.obj\moc_itemmovingbrick.nativecodeanalysis.xml
c:\users\panda2134\documents\bin\release\.obj\moc_itemmovingbrick.obj
c:\users\panda2134\documents\bin\release\.obj\moc_playercontroller.nativecodeanalysis.xml
c:\users\panda2134\documents\bin\release\.obj\moc_playercontroller.obj
c:\users\panda2134\documents\bin\release\.obj\moc_item.nativecodeanalysis.xml
c:\users\panda2134\documents\bin\release\.obj\moc_item.obj
c:\users\panda2134\documents\bin\release\.obj\moc_entitycreeper.nativecodeanalysis.xml
c:\users\panda2134\documents\bin\release\.obj\moc_entitycreeper.obj
c:\users\panda2134\documents\bin\release\.obj\moc_blockdirt.nativecodeanalysis.xml
c:\users\panda2134\documents\bin\release\.obj\moc_blockdirt.obj
c:\users\panda2134\documents\bin\release\.obj\moc_entitymovingbrick.nativecodeanalysis.xml
c:\users\panda2134\documents\bin\release\.obj\moc_entitymovingbrick.obj
c:\users\panda2134\documents\bin\release\.obj\qrc_res.nativecodeanalysis.xml
c:\users\panda2134\documents\bin\release\.obj\qrc_res.obj
c:\users\panda2134\documents\bin\release\.obj\moc_experiencehelper.nativecodeanalysis.xml
c:\users\panda2134\documents\bin\release\.obj\moc_experiencehelper.obj
c:\users\panda2134\documents\bin\release\.obj\moc_saveitem.nativecodeanalysis.xml
c:\users\panda2134\documents\bin\release\.obj\moc_saveitem.obj
c:\users\panda2134\documents\bin\release\.obj\moc_gamerenderglwidget.nativecodeanalysis.xml
c:\users\panda2134\documents\bin\release\.obj\moc_gamerenderglwidget.obj
c:\users\panda2134\documents\bin\release\.obj\moc_entityxporb.nativecodeanalysis.xml
c:\users\panda2134\documents\bin\release\.obj\moc_entityxporb.obj
c:\users\panda2134\documents\bin\release\.obj\moc_worldioworker.nativecodeanalysis.xml
c:\users\panda2134\documents\bin\release\.obj\moc_worldioworker.obj
c:\users\panda2134\documents\bin\release\.obj\moc_entityplayerlike.nativecodeanalysis.xml
c:\users\panda2134\documents\bin\release\.obj\moc_entityplayerlike.obj
c:\users\panda2134\documents\bin\release\.obj\moc_entityfireball.nativecodeanalysis.xml
c:\users\panda2134\documents\bin\release\.obj\moc_entityfireball.obj
c:\users\panda2134\documents\bin\release\.obj\moc_itemblock.nativecodeanalysis.xml
c:\users\panda2134\documents\bin\release\.obj\moc_itemblock.obj
c:\users\panda2134\documents\bin\release\.obj\moc_entity.nativecodeanalysis.xml
c:\users\panda2134\documents\bin\release\.obj\moc_entity.obj
c:\users\panda2134\documents\bin\release\.moc\moc_predefs.h
c:\users\panda2134\documents\parkourgame\bin\release\src.exe
c:\users\panda2134\documents\bin\debug\.ui\ui_saveitem.h
c:\users\panda2134\documents\bin\debug\.ui\ui_saveselection.h
c:\users\panda2134\documents\bin\debug\.ui\ui_mainwindow.h
c:\users\panda2134\documents\bin\release\.qrc\qrc_res.cpp
c:\users\panda2134\documents\bin\release\.moc\moc_styledpushbutton.cpp
c:\users\panda2134\documents\bin\release\.moc\moc_guipause.cpp
c:\users\panda2134\documents\bin\release\.moc\moc_guibase.cpp
c:\users\panda2134\documents\bin\release\.moc\moc_blockspike.cpp
c:\users\panda2134\documents\bin\release\.moc\moc_blockspring.cpp
c:\users\panda2134\documents\bin\release\.moc\moc_entityblaze.cpp
c:\users\panda2134\documents\bin\release\.moc\moc_entityfireball.cpp
c:\users\panda2134\documents\bin\release\.moc\moc_entityxporb.cpp
c:\users\panda2134\documents\bin\release\.moc\moc_item.cpp
c:\users\panda2134\documents\bin\release\.moc\moc_guieventfilter.cpp
c:\users\panda2134\documents\bin\release\.moc\moc_inventorygui.cpp
c:\users\panda2134\documents\bin\release\.moc\moc_experiencehelper.cpp
c:\users\panda2134\documents\bin\release\.moc\moc_savemanager.cpp
c:\users\panda2134\documents\bin\release\.moc\moc_worldioworker.cpp
c:\users\panda2134\documents\bin\release\.moc\moc_itemspawnpointsetter.cpp
c:\users\panda2134\documents\bin\release\.moc\moc_itemteleporter.cpp
c:\users\panda2134\documents\bin\release\.moc\moc_entityslime.cpp
c:\users\panda2134\documents\bin\release\.moc\moc_entitycreeper.cpp
c:\users\panda2134\documents\bin\release\.moc\moc_itemblock.cpp
c:\users\panda2134\documents\bin\release\.moc\moc_itemspawnegg.cpp
c:\users\panda2134\documents\bin\release\.moc\moc_blocksaw.cpp
c:\users\panda2134\documents\bin\release\.moc\moc_blockbedrock.cpp
c:\users\panda2134\documents\bin\release\.moc\moc_saveselection.cpp
c:\users\panda2134\documents\bin\release\.moc\moc_saveitem.cpp
c:\users\panda2134\documents\bin\release\.moc\moc_entityobserver.cpp
c:\users\panda2134\documents\bin\release\.moc\moc_itemmovingbrick.cpp
c:\users\panda2134\documents\bin\release\.moc\moc_block.cpp
c:\users\panda2134\documents\bin\release\.moc\moc_blockdelegate.cpp
c:\users\panda2134\documents\bin\release\.moc\moc_blockdirt.cpp
c:\users\panda2134\documents\bin\release\.moc\moc_blockgrass.cpp
c:\users\panda2134\documents\bin\release\.moc\moc_blocktnt.cpp
c:\users\panda2134\documents\bin\release\.moc\moc_entity.cpp
c:\users\panda2134\documents\bin\release\.moc\moc_entityplayer.cpp
c:\users\panda2134\documents\bin\release\.moc\moc_entityplayerlike.cpp
c:\users\panda2134\documents\bin\release\.moc\moc_entitytnt.cpp
c:\users\panda2134\documents\bin\release\.moc\moc_gamerenderglwidget.cpp
c:\users\panda2134\documents\bin\release\.moc\moc_gamescene.cpp
c:\users\panda2134\documents\bin\release\.moc\moc_mainwindow.cpp
c:\users\panda2134\documents\bin\release\.moc\moc_playercontroller.cpp
c:\users\panda2134\documents\bin\release\.moc\moc_registry.cpp
c:\users\panda2134\documents\bin\release\.moc\moc_entitymovingbrick.cpp
c:\users\panda2134\documents\bin\release\.moc\moc_world.cpp
c:\users\panda2134\documents\bin\release\.moc\moc_worldcontroller.cpp
c:\users\panda2134\documents\parkourgame\..\bin\release\.moc\moc_styledpushbutton.cpp
c:\users\panda2134\documents\parkourgame\..\bin\release\.moc\moc_guipause.cpp
c:\users\panda2134\documents\parkourgame\..\bin\release\.moc\moc_guibase.cpp
c:\users\panda2134\documents\parkourgame\..\bin\release\.moc\moc_blockspike.cpp
c:\users\panda2134\documents\parkourgame\..\bin\release\.moc\moc_blockspring.cpp
c:\users\panda2134\documents\parkourgame\..\bin\release\.moc\moc_entityblaze.cpp
c:\users\panda2134\documents\parkourgame\..\bin\release\.moc\moc_entityfireball.cpp
c:\users\panda2134\documents\parkourgame\..\bin\release\.moc\moc_entityxporb.cpp
c:\users\panda2134\documents\parkourgame\..\bin\release\.moc\moc_item.cpp
c:\users\panda2134\documents\parkourgame\..\bin\release\.moc\moc_guieventfilter.cpp
c:\users\panda2134\documents\parkourgame\..\bin\release\.moc\moc_inventorygui.cpp
c:\users\panda2134\documents\parkourgame\..\bin\release\.moc\moc_experiencehelper.cpp
c:\users\panda2134\documents\parkourgame\..\bin\release\.moc\moc_savemanager.cpp
c:\users\panda2134\documents\parkourgame\..\bin\release\.moc\moc_worldioworker.cpp
c:\users\panda2134\documents\parkourgame\..\bin\release\.moc\moc_itemspawnpointsetter.cpp
c:\users\panda2134\documents\parkourgame\..\bin\release\.moc\moc_itemteleporter.cpp
c:\users\panda2134\documents\parkourgame\..\bin\release\.moc\moc_entityslime.cpp
c:\users\panda2134\documents\parkourgame\..\bin\release\.moc\moc_entitycreeper.cpp
c:\users\panda2134\documents\parkourgame\..\bin\release\.moc\moc_itemblock.cpp
c:\users\panda2134\documents\parkourgame\..\bin\release\.moc\moc_itemspawnegg.cpp
c:\users\panda2134\documents\parkourgame\..\bin\release\.moc\moc_blocksaw.cpp
c:\users\panda2134\documents\parkourgame\..\bin\release\.moc\moc_blockbedrock.cpp
c:\users\panda2134\documents\parkourgame\..\bin\release\.moc\moc_saveselection.cpp
c:\users\panda2134\documents\parkourgame\..\bin\release\.moc\moc_saveitem.cpp
c:\users\panda2134\documents\parkourgame\..\bin\release\.moc\moc_entityobserver.cpp
c:\users\panda2134\documents\parkourgame\..\bin\release\.moc\moc_itemmovingbrick.cpp
c:\users\panda2134\documents\parkourgame\..\bin\release\.moc\moc_block.cpp
c:\users\panda2134\documents\parkourgame\..\bin\release\.moc\moc_blockdelegate.cpp
c:\users\panda2134\documents\parkourgame\..\bin\release\.moc\moc_blockdirt.cpp
c:\users\panda2134\documents\parkourgame\..\bin\release\.moc\moc_blockgrass.cpp
c:\users\panda2134\documents\parkourgame\..\bin\release\.moc\moc_blocktnt.cpp
c:\users\panda2134\documents\parkourgame\..\bin\release\.moc\moc_entity.cpp
c:\users\panda2134\documents\parkourgame\..\bin\release\.moc\moc_entityplayer.cpp
c:\users\panda2134\documents\parkourgame\..\bin\release\.moc\moc_entityplayerlike.cpp
c:\users\panda2134\documents\parkourgame\..\bin\release\.moc\moc_entitytnt.cpp
c:\users\panda2134\documents\parkourgame\..\bin\release\.moc\moc_gamerenderglwidget.cpp
c:\users\panda2134\documents\parkourgame\..\bin\release\.moc\moc_gamescene.cpp
c:\users\panda2134\documents\parkourgame\..\bin\release\.moc\moc_mainwindow.cpp
c:\users\panda2134\documents\parkourgame\..\bin\release\.moc\moc_playercontroller.cpp
c:\users\panda2134\documents\parkourgame\..\bin\release\.moc\moc_registry.cpp
c:\users\panda2134\documents\parkourgame\..\bin\release\.moc\moc_entitymovingbrick.cpp
c:\users\panda2134\documents\parkourgame\..\bin\release\.moc\moc_world.cpp
c:\users\panda2134\documents\parkourgame\..\bin\release\.moc\moc_worldcontroller.cpp
c:\users\panda2134\documents\parkourgame\..\bin\release\.qrc\qrc_res.cpp
c:\users\panda2134\documents\parkourgame\..\bin\debug\.ui\ui_saveitem.h
c:\users\panda2134\documents\parkourgame\..\bin\debug\.ui\ui_saveselection.h
c:\users\panda2134\documents\parkourgame\..\bin\debug\.ui\ui_mainwindow.h
c:\users\panda2134\documents\parkourgame\bin\release\.obj\nativecodeanalysis.read.1.tlog
c:\users\panda2134\documents\parkourgame\bin\release\.obj\vc.nativecodeanalysis.all.xml
c:\users\panda2134\documents\parkourgame\bin\release\.obj\mineparkour.tlog\cl.13448.write.1.tlog
c:\users\panda2134\documents\parkourgame\bin\release\.obj\mineparkour.tlog\cl.command.1.tlog
c:\users\panda2134\documents\parkourgame\bin\release\.obj\mineparkour.tlog\cl.read.1.tlog
c:\users\panda2134\documents\parkourgame\bin\release\.obj\mineparkour.tlog\custombuild.command.1.tlog
c:\users\panda2134\documents\parkourgame\bin\release\.obj\mineparkour.tlog\custombuild.read.1.tlog
c:\users\panda2134\documents\parkourgame\bin\release\.obj\mineparkour.tlog\custombuild.write.1.tlog
c:\users\panda2134\documents\parkourgame\bin\release\.obj\mineparkour.tlog\link.command.1.tlog
c:\users\panda2134\documents\parkourgame\bin\release\.obj\mineparkour.tlog\link.read.1.tlog
c:\users\panda2134\documents\parkourgame\bin\release\.obj\mineparkour.tlog\link.write.1.tlog
c:\users\panda2134\documents\parkourgame\bin\release\.obj\mineparkour.tlog\mineparkour.write.1u.tlog
c:\users\panda2134\documents\parkourgame\bin\release\.obj\mineparkour.tlog\moc.read.1u.tlog
c:\users\panda2134\documents\parkourgame\bin\release\.obj\mineparkour.tlog\moc.write.1u.tlog
c:\users\panda2134\documents\parkourgame\bin\release\.obj\mineparkour.tlog\rcc.read.1u.tlog
c:\users\panda2134\documents\parkourgame\bin\release\.obj\mineparkour.tlog\rcc.write.1u.tlog
c:\users\panda2134\documents\parkourgame\bin\release\.obj\mineparkour.tlog\uic.read.1u.tlog
c:\users\panda2134\documents\parkourgame\bin\release\.obj\mineparkour.tlog\uic.write.1u.tlog
