c:\users\panda2134\documents\parkourgame\release\moc_entitycreeper.obj
c:\users\panda2134\documents\parkourgame\release\blocksaw.obj
c:\users\panda2134\documents\parkourgame\release\entityplayerlike.obj
c:\users\panda2134\documents\parkourgame\release\gamesound.obj
c:\users\panda2134\documents\parkourgame\release\blockspike.obj
c:\users\panda2134\documents\parkourgame\release\entitycreeper.obj
c:\users\panda2134\documents\parkourgame\release\guibase.obj
c:\users\panda2134\documents\parkourgame\release\itemteleporter.obj
c:\users\panda2134\documents\parkourgame\release\worldcontroller.obj
c:\users\panda2134\documents\parkourgame\release\blockdirt.obj
c:\users\panda2134\documents\parkourgame\release\blocktnt.obj
c:\users\panda2134\documents\parkourgame\release\geometryhelper.obj
c:\users\panda2134\documents\parkourgame\release\itemmovingbrick.obj
c:\users\panda2134\documents\parkourgame\release\savemanager.obj
c:\users\panda2134\documents\parkourgame\release\block.obj
c:\users\panda2134\documents\parkourgame\release\direction.obj
c:\users\panda2134\documents\parkourgame\release\entityblaze.obj
c:\users\panda2134\documents\parkourgame\release\guieventfilter.obj
c:\users\panda2134\documents\parkourgame\release\main.obj
c:\users\panda2134\documents\parkourgame\release\blockexpbottle.obj
c:\users\panda2134\documents\parkourgame\release\entityslime.obj
c:\users\panda2134\documents\parkourgame\release\inventorygui.obj
c:\users\panda2134\documents\parkourgame\release\registry.obj
c:\users\panda2134\documents\parkourgame\release\blockspring.obj
c:\users\panda2134\documents\parkourgame\release\entityobserver.obj
c:\users\panda2134\documents\parkourgame\release\gamescene.obj
c:\users\panda2134\documents\parkourgame\release\styledpushbutton.obj
c:\users\panda2134\documents\parkourgame\release\blockflower.obj
c:\users\panda2134\documents\parkourgame\release\entity.obj
c:\users\panda2134\documents\parkourgame\release\gamerenderglwidget.obj
c:\users\panda2134\documents\parkourgame\release\worldioworker.obj
c:\users\panda2134\documents\parkourgame\release\blockmushroom.obj
c:\users\panda2134\documents\parkourgame\release\entityplayer.obj
c:\users\panda2134\documents\parkourgame\release\guipause.obj
c:\users\panda2134\documents\parkourgame\release\mainwindow.obj
c:\users\panda2134\documents\parkourgame\release\blockbedrock.obj
c:\users\panda2134\documents\parkourgame\release\boundingbox.obj
c:\users\panda2134\documents\parkourgame\release\entitytnt.obj
c:\users\panda2134\documents\parkourgame\release\itemblock.obj
c:\users\panda2134\documents\parkourgame\release\saveitem.obj
c:\users\panda2134\documents\parkourgame\release\blockgrass.obj
c:\users\panda2134\documents\parkourgame\release\entitymovingbrick.obj
c:\users\panda2134\documents\parkourgame\release\experiencehelper.obj
c:\users\panda2134\documents\parkourgame\release\item.obj
c:\users\panda2134\documents\parkourgame\release\playercontroller.obj
c:\users\panda2134\documents\parkourgame\release\blockdelegate.obj
c:\users\panda2134\documents\parkourgame\release\entityfireball.obj
c:\users\panda2134\documents\parkourgame\release\glhelper.obj
c:\users\panda2134\documents\parkourgame\release\icollidable.obj
c:\users\panda2134\documents\parkourgame\release\itemspawnpointsetter.obj
c:\users\panda2134\documents\parkourgame\release\saveselection.obj
c:\users\panda2134\documents\parkourgame\release\blockoakplank.obj
c:\users\panda2134\documents\parkourgame\release\blockstonebrick.obj
c:\users\panda2134\documents\parkourgame\release\entityxporb.obj
c:\users\panda2134\documents\parkourgame\release\itemspawnegg.obj
c:\users\panda2134\documents\parkourgame\release\world.obj
c:\users\panda2134\documents\parkourgame\release\moc_blockdirt.obj
c:\users\panda2134\documents\parkourgame\release\moc_entitymovingbrick.obj
c:\users\panda2134\documents\parkourgame\release\moc_gamesound.obj
c:\users\panda2134\documents\parkourgame\release\moc_savemanager.obj
c:\users\panda2134\documents\parkourgame\release\moc_entity.obj
c:\users\panda2134\documents\parkourgame\release\moc_entityobserver.obj
c:\users\panda2134\documents\parkourgame\release\moc_guipause.obj
c:\users\panda2134\documents\parkourgame\release\moc_playercontroller.obj
c:\users\panda2134\documents\parkourgame\release\moc_blockgrass.obj
c:\users\panda2134\documents\parkourgame\release\moc_entitytnt.obj
c:\users\panda2134\documents\parkourgame\release\moc_itemmovingbrick.obj
c:\users\panda2134\documents\parkourgame\release\moc_registry.obj
c:\users\panda2134\documents\parkourgame\release\qrc_res.obj
c:\users\panda2134\documents\parkourgame\release\moc_blockspring.obj
c:\users\panda2134\documents\parkourgame\release\moc_experiencehelper.obj
c:\users\panda2134\documents\parkourgame\release\moc_gamerenderglwidget.obj
c:\users\panda2134\documents\parkourgame\release\moc_blocksaw.obj
c:\users\panda2134\documents\parkourgame\release\moc_entityblaze.obj
c:\users\panda2134\documents\parkourgame\release\moc_guibase.obj
c:\users\panda2134\documents\parkourgame\release\moc_itemteleporter.obj
c:\users\panda2134\documents\parkourgame\release\moc_worldcontroller.obj
c:\users\panda2134\documents\parkourgame\release\moc_blockbedrock.obj
c:\users\panda2134\documents\parkourgame\release\moc_entityslime.obj
c:\users\panda2134\documents\parkourgame\release\moc_itemblock.obj
c:\users\panda2134\documents\parkourgame\release\moc_saveselection.obj
c:\users\panda2134\documents\parkourgame\release\moc_blockspike.obj
c:\users\panda2134\documents\parkourgame\release\moc_entityplayerlike.obj
c:\users\panda2134\documents\parkourgame\release\moc_item.obj
c:\users\panda2134\documents\parkourgame\release\moc_mainwindow.obj
c:\users\panda2134\documents\parkourgame\release\moc_blockdelegate.obj
c:\users\panda2134\documents\parkourgame\release\moc_entityplayer.obj
c:\users\panda2134\documents\parkourgame\release\moc_itemspawnegg.obj
c:\users\panda2134\documents\parkourgame\release\moc_styledpushbutton.obj
c:\users\panda2134\documents\parkourgame\release\moc_blockexpbottle.obj
c:\users\panda2134\documents\parkourgame\release\moc_entityfireball.obj
c:\users\panda2134\documents\parkourgame\release\moc_guieventfilter.obj
c:\users\panda2134\documents\parkourgame\release\moc_itemspawnpointsetter.obj
c:\users\panda2134\documents\parkourgame\release\moc_world.obj
c:\users\panda2134\documents\parkourgame\release\moc_blocktnt.obj
c:\users\panda2134\documents\parkourgame\release\moc_entityxporb.obj
c:\users\panda2134\documents\parkourgame\release\moc_inventorygui.obj
c:\users\panda2134\documents\parkourgame\release\moc_saveitem.obj
c:\users\panda2134\documents\parkourgame\release\moc_block.obj
c:\users\panda2134\documents\parkourgame\release\moc_gamescene.obj
c:\users\panda2134\documents\parkourgame\release\moc_worldioworker.obj
c:\users\panda2134\documents\parkourgame\release\moc_predefs.h
c:\users\panda2134\documents\parkourgame\bin\release\mineparkour.exe
c:\users\panda2134\documents\parkourgame\ui_mainwindow.h
c:\users\panda2134\documents\parkourgame\ui_saveitem.h
c:\users\panda2134\documents\parkourgame\ui_saveselection.h
c:\users\panda2134\documents\parkourgame\release\qrc_res.cpp
c:\users\panda2134\documents\parkourgame\release\moc_block.cpp
c:\users\panda2134\documents\parkourgame\release\moc_blockbedrock.cpp
c:\users\panda2134\documents\parkourgame\release\moc_blockdelegate.cpp
c:\users\panda2134\documents\parkourgame\release\moc_blockdirt.cpp
c:\users\panda2134\documents\parkourgame\release\moc_blockexpbottle.cpp
c:\users\panda2134\documents\parkourgame\release\moc_blockgrass.cpp
c:\users\panda2134\documents\parkourgame\release\moc_blocksaw.cpp
c:\users\panda2134\documents\parkourgame\release\moc_blockspike.cpp
c:\users\panda2134\documents\parkourgame\release\moc_blockspring.cpp
c:\users\panda2134\documents\parkourgame\release\moc_blocktnt.cpp
c:\users\panda2134\documents\parkourgame\release\moc_entity.cpp
c:\users\panda2134\documents\parkourgame\release\moc_entityblaze.cpp
c:\users\panda2134\documents\parkourgame\release\moc_entitycreeper.cpp
c:\users\panda2134\documents\parkourgame\release\moc_entityfireball.cpp
c:\users\panda2134\documents\parkourgame\release\moc_entitymovingbrick.cpp
c:\users\panda2134\documents\parkourgame\release\moc_entityobserver.cpp
c:\users\panda2134\documents\parkourgame\release\moc_entityplayer.cpp
c:\users\panda2134\documents\parkourgame\release\moc_entityplayerlike.cpp
c:\users\panda2134\documents\parkourgame\release\moc_entityslime.cpp
c:\users\panda2134\documents\parkourgame\release\moc_entitytnt.cpp
c:\users\panda2134\documents\parkourgame\release\moc_entityxporb.cpp
c:\users\panda2134\documents\parkourgame\release\moc_experiencehelper.cpp
c:\users\panda2134\documents\parkourgame\release\moc_gamerenderglwidget.cpp
c:\users\panda2134\documents\parkourgame\release\moc_gamescene.cpp
c:\users\panda2134\documents\parkourgame\release\moc_gamesound.cpp
c:\users\panda2134\documents\parkourgame\release\moc_guibase.cpp
c:\users\panda2134\documents\parkourgame\release\moc_guieventfilter.cpp
c:\users\panda2134\documents\parkourgame\release\moc_guipause.cpp
c:\users\panda2134\documents\parkourgame\release\moc_inventorygui.cpp
c:\users\panda2134\documents\parkourgame\release\moc_item.cpp
c:\users\panda2134\documents\parkourgame\release\moc_itemblock.cpp
c:\users\panda2134\documents\parkourgame\release\moc_itemmovingbrick.cpp
c:\users\panda2134\documents\parkourgame\release\moc_itemspawnegg.cpp
c:\users\panda2134\documents\parkourgame\release\moc_itemspawnpointsetter.cpp
c:\users\panda2134\documents\parkourgame\release\moc_itemteleporter.cpp
c:\users\panda2134\documents\parkourgame\release\moc_mainwindow.cpp
c:\users\panda2134\documents\parkourgame\release\moc_playercontroller.cpp
c:\users\panda2134\documents\parkourgame\release\moc_registry.cpp
c:\users\panda2134\documents\parkourgame\release\moc_saveitem.cpp
c:\users\panda2134\documents\parkourgame\release\moc_savemanager.cpp
c:\users\panda2134\documents\parkourgame\release\moc_saveselection.cpp
c:\users\panda2134\documents\parkourgame\release\moc_styledpushbutton.cpp
c:\users\panda2134\documents\parkourgame\release\moc_world.cpp
c:\users\panda2134\documents\parkourgame\release\moc_worldcontroller.cpp
c:\users\panda2134\documents\parkourgame\release\moc_worldioworker.cpp
c:\users\panda2134\documents\parkourgame\release\mineparkour.res
c:\users\panda2134\documents\parkourgame\release\mineparkour.tlog\cl.command.1.tlog
c:\users\panda2134\documents\parkourgame\release\mineparkour.tlog\cl.read.1.tlog
c:\users\panda2134\documents\parkourgame\release\mineparkour.tlog\cl.write.1.tlog
c:\users\panda2134\documents\parkourgame\release\mineparkour.tlog\custombuild.command.1.tlog
c:\users\panda2134\documents\parkourgame\release\mineparkour.tlog\custombuild.read.1.tlog
c:\users\panda2134\documents\parkourgame\release\mineparkour.tlog\custombuild.write.1.tlog
c:\users\panda2134\documents\parkourgame\release\mineparkour.tlog\link.command.1.tlog
c:\users\panda2134\documents\parkourgame\release\mineparkour.tlog\link.read.1.tlog
c:\users\panda2134\documents\parkourgame\release\mineparkour.tlog\link.write.1.tlog
c:\users\panda2134\documents\parkourgame\release\mineparkour.tlog\mineparkour.write.1u.tlog
c:\users\panda2134\documents\parkourgame\release\mineparkour.tlog\moc.read.1u.tlog
c:\users\panda2134\documents\parkourgame\release\mineparkour.tlog\moc.write.1u.tlog
c:\users\panda2134\documents\parkourgame\release\mineparkour.tlog\rc.command.1.tlog
c:\users\panda2134\documents\parkourgame\release\mineparkour.tlog\rc.read.1.tlog
c:\users\panda2134\documents\parkourgame\release\mineparkour.tlog\rc.write.1.tlog
c:\users\panda2134\documents\parkourgame\release\mineparkour.tlog\rcc.read.1u.tlog
c:\users\panda2134\documents\parkourgame\release\mineparkour.tlog\rcc.write.1u.tlog
c:\users\panda2134\documents\parkourgame\release\mineparkour.tlog\uic.read.1u.tlog
c:\users\panda2134\documents\parkourgame\release\mineparkour.tlog\uic.write.1u.tlog
