  Reading Qt configuration (C:\Qt\5.15.1\msvc2019_64\bin\qmake.exe)
  Generate moc_predefs.h
C:\Program Files (x86)\Microsoft Visual Studio\2019\Community\MSBuild\Microsoft\VC\v160\Microsoft.CppCommon.targets(234,5): warning MSB8064: 项“release\moc_predefs.h.cbt”的自定义生成成功，但指定的依赖项“c:\users\panda2134\documents\parkourgame\release\moc_predefs.h.cbt”不存在。这可能会导致增量生成无法正常工作。
  Uic'ing view\mainwindow.ui...
  Uic'ing view\saveitem.ui...
  Uic'ing view\saveselection.ui...
  Rcc'ing res.qrc...
  Moc'ing model\block.h...
  Moc'ing model\blockbedrock.h...
   QIODevice::read: device not open
   No data signature found
  Moc'ing model\blockdelegate.h...
  Moc'ing model\blockdirt.h...
  Moc'ing model\blockexpbottle.h...
  Moc'ing model\blockgrass.h...
  Moc'ing model\blocksaw.h...
  Moc'ing model\blockspike.h...
  Moc'ing model\blockspring.h...
  Moc'ing model\blocktnt.h...
  Moc'ing model\entity.h...
res.qrc : error 1: rcc (C:\Qt\5.15.1\msvc2019_64\bin\rcc.exe)
